\BOOKMARK [1][-]{section.1}{\376\377\004\022\004\062\004\065\004\064\004\065\004\075\004\070\004\065}{}% 1
\BOOKMARK [1][-]{section.2}{\376\377\004\036\004\077\004\070\004\101\004\060\004\075\004\070\004\065\000\040\004\100\004\065\004\060\004\073\004\070\004\067\004\060\004\106\004\070\004\070\000\040\004\077\004\100\004\076\004\065\004\072\004\102\004\060}{}% 2
\BOOKMARK [2][-]{subsection.2.1}{\376\377\004\043\004\100\004\060\004\062\004\075\004\065\004\075\004\070\004\065}{section.2}% 3
\BOOKMARK [3][-]{subsubsection.2.1.1}{\376\377\004\034\004\065\004\102\004\076\004\064\000\040\004\064\004\065\004\073\004\065\004\075\004\070\004\117\000\040\004\076\004\102\004\100\004\065\004\067\004\072\004\060\000\040\004\077\004\076\004\077\004\076\004\073\004\060\004\074}{subsection.2.1}% 4
\BOOKMARK [3][-]{subsubsection.2.1.2}{\376\377\004\034\004\065\004\102\004\076\004\064\000\040\004\077\004\100\004\076\004\101\004\102\004\076\004\071\000\040\004\070\004\102\004\065\004\100\004\060\004\106\004\070\004\070}{subsection.2.1}% 5
\BOOKMARK [3][-]{subsubsection.2.1.3}{\376\377\004\034\004\065\004\102\004\076\004\064\000\040\004\035\004\114\004\116\004\102\004\076\004\075\004\060}{subsection.2.1}% 6
\BOOKMARK [3][-]{subsubsection.2.1.4}{\376\377\004\034\004\065\004\075\004\116\000\040\004\070\000\040\004\062\004\062\004\076\004\064\000\040\004\100\004\065\004\067\004\103\004\073\004\114\004\102\004\060\004\102\004\076\004\062}{subsection.2.1}% 7
\BOOKMARK [3][-]{subsubsection.2.1.5}{\376\377\004\037\004\100\004\076\004\107\004\070\004\065\000\040\004\064\004\065\004\102\004\060\004\073\004\070\000\040\004\100\004\065\004\060\004\073\004\070\004\067\004\060\004\106\004\070\004\070}{subsection.2.1}% 8
\BOOKMARK [3][-]{subsubsection.2.1.6}{\376\377\004\040\004\065\004\067\004\103\004\073\004\114\004\102\004\060\004\102\004\113\000\040\004\074\004\065\004\102\004\076\004\064\004\076\004\062\000\040\004\064\004\073\004\117\000\040\004\100\004\065\004\110\004\065\004\075\004\070\004\117\000\040\004\103\004\100\004\060\004\062\004\075\004\065\004\075\004\070\004\071}{subsection.2.1}% 9
\BOOKMARK [2][-]{subsection.2.2}{\376\377\004\041\004\070\004\101\004\102\004\065\004\074\004\060\000\040\004\073\004\070\004\075\004\065\004\071\004\075\004\113\004\105\000\040\004\103\004\100\004\060\004\062\004\075\004\065\004\075\004\070\004\071}{section.2}% 10
\BOOKMARK [3][-]{subsubsection.2.2.1}{\376\377\004\034\004\065\004\102\004\076\004\064\004\113\000\040\004\100\004\065\004\110\004\065\004\075\004\070\004\117\000\040\004\101\004\070\004\101\004\102\004\065\004\074\004\113\000\040\004\073\004\070\004\075\004\065\004\071\004\075\004\113\004\105\000\040\004\103\004\100\004\060\004\062\004\075\004\065\004\075\004\070\004\071}{subsection.2.2}% 11
\BOOKMARK [3][-]{subsubsection.2.2.2}{\376\377\004\037\004\100\004\076\004\107\004\070\004\065\000\040\004\064\004\065\004\102\004\060\004\073\004\070\000\040\004\100\004\065\004\060\004\073\004\070\004\067\004\060\004\106\004\070\004\070}{subsection.2.2}% 12
\BOOKMARK [3][-]{subsubsection.2.2.3}{\376\377\004\040\004\065\004\067\004\103\004\073\004\114\004\102\004\060\004\102\004\113\000\040\004\074\004\065\004\102\004\076\004\064\004\076\004\062\000\040\004\064\004\073\004\117\000\040\004\101\004\070\004\101\004\102\004\065\004\074\000\040\004\073\004\070\004\075\004\065\004\071\004\075\004\113\004\105\000\040\004\103\004\100\004\060\004\062\004\075\004\065\004\075\004\070\004\071}{subsection.2.2}% 13
\BOOKMARK [2][-]{subsection.2.3}{\376\377\004\022\004\113\004\107\004\070\004\101\004\073\004\065\004\075\004\070\004\065\000\040\004\070\004\075\004\102\004\065\004\063\004\100\004\060\004\073\004\060}{section.2}% 14
\BOOKMARK [3][-]{subsubsection.2.3.1}{\376\377\004\034\004\065\004\102\004\076\004\064\000\040\004\102\004\100\004\060\004\077\004\065\004\106\004\070\004\071}{subsection.2.3}% 15
\BOOKMARK [3][-]{subsubsection.2.3.2}{\376\377\004\034\004\065\004\102\004\076\004\064\000\040\004\041\004\070\004\074\004\077\004\101\004\076\004\075\004\060}{subsection.2.3}% 16
\BOOKMARK [3][-]{subsubsection.2.3.3}{\376\377\004\022\004\113\004\107\004\070\004\101\004\073\004\065\004\075\004\070\004\065\000\040\004\077\004\076\004\063\004\100\004\065\004\110\004\075\004\076\004\101\004\102\004\070\000\040\004\101\000\040\004\070\004\101\004\077\004\076\004\073\004\114\004\067\004\076\004\062\004\060\004\075\004\070\004\065\004\074\000\040\004\077\004\100\004\060\004\062\004\070\004\073\004\060\000\040\004\040\004\103\004\075\004\063\004\065}{subsection.2.3}% 17
\BOOKMARK [3][-]{subsubsection.2.3.4}{\376\377\004\040\004\065\004\067\004\103\004\073\004\114\004\102\004\060\004\102\004\113\000\040\004\074\004\065\004\102\004\076\004\064\004\076\004\062\000\040\004\064\004\073\004\117\000\040\004\062\004\113\004\107\004\070\004\101\004\073\004\065\004\075\004\070\004\117\000\040\004\070\004\075\004\102\004\065\004\063\004\100\004\060\004\073\004\076\004\062}{subsection.2.3}% 18
\BOOKMARK [2][-]{subsection.2.4}{\376\377\004\022\004\113\004\107\004\070\004\101\004\073\004\065\004\075\004\070\004\065\000\040\004\067\004\075\004\060\004\107\004\065\004\075\004\070\004\071\000\040\004\104\004\103\004\075\004\072\004\106\004\070\004\070\000\040\004\101\000\040\004\070\004\101\004\077\004\076\004\073\004\114\004\067\004\076\004\062\004\060\004\075\004\070\004\065\004\074\000\040\004\070\004\075\004\102\004\065\004\100\004\077\004\076\004\073\004\117\004\106\004\070\004\076\004\075\004\075\004\113\004\105\000\040\004\074\004\075\004\076\004\063\004\076\004\107\004\073\004\065\004\075\004\076\004\062}{section.2}% 19
\BOOKMARK [3][-]{subsubsection.2.4.1}{\376\377\004\030\004\075\004\070\004\106\004\070\004\060\004\073\004\070\004\067\004\060\004\106\004\070\004\117\000\040\004\074\004\060\004\101\004\101\004\070\004\062\004\076\004\062\000\040\004\064\004\060\004\075\004\075\004\113\004\105}{subsection.2.4}% 20
\BOOKMARK [3][-]{subsubsection.2.4.2}{\376\377\004\030\004\075\004\102\004\065\004\100\004\077\004\076\004\073\004\117\004\106\004\070\004\076\004\075\004\075\004\113\004\065\000\040\004\074\004\075\004\076\004\063\004\076\004\107\004\073\004\065\004\075\004\113}{subsection.2.4}% 21
\BOOKMARK [3][-]{subsubsection.2.4.3}{\376\377\004\022\004\113\004\107\004\070\004\101\004\073\004\065\004\075\004\070\004\065\000\040\004\077\004\076\004\063\004\100\004\065\004\110\004\075\004\076\004\101\004\102\004\070}{subsection.2.4}% 22
\BOOKMARK [3][-]{subsubsection.2.4.4}{\376\377\004\040\004\065\004\067\004\103\004\073\004\114\004\102\004\060\004\102\004\113\000\040\004\100\004\060\004\061\004\076\004\102\004\113\000\040\004\074\004\065\004\102\004\076\004\064\004\076\004\062\000\040\004\101\000\040\004\070\004\075\004\102\004\065\004\100\004\077\004\076\004\073\004\117\004\106\004\070\004\076\004\075\004\075\004\113\004\074\004\070\000\040\004\074\004\075\004\076\004\063\004\076\004\107\004\073\004\065\004\075\004\060\004\074\004\070}{subsection.2.4}% 23
\BOOKMARK [2][-]{subsection.2.5}{\376\377\004\040\004\065\004\110\004\065\004\075\004\070\004\065\000\040\004\067\004\060\004\064\004\060\004\107\004\070\000\040\004\032\004\076\004\110\004\070}{section.2}% 24
\BOOKMARK [3][-]{subsubsection.2.5.1}{\376\377\004\034\004\065\004\102\004\076\004\064\000\040\004\055\004\071\004\073\004\065\004\100\004\060}{subsection.2.5}% 25
\BOOKMARK [3][-]{subsubsection.2.5.2}{\376\377\004\034\004\076\004\064\004\070\004\104\004\070\004\106\004\070\004\100\004\076\004\062\004\060\004\075\004\075\004\113\004\071\000\040\004\074\004\065\004\102\004\076\004\064\000\040\004\055\004\071\004\073\004\065\004\100\004\060}{subsection.2.5}% 26
\BOOKMARK [3][-]{subsubsection.2.5.3}{\376\377\004\034\004\065\004\102\004\076\004\064\000\040\004\040\004\103\004\075\004\063\004\065\000-\004\032\004\103\004\102\004\102\004\113\000\040\0004\000-\004\063\004\076\000\040\004\077\004\076\004\100\004\117\004\064\004\072\004\060}{subsection.2.5}% 27
\BOOKMARK [3][-]{subsubsection.2.5.4}{\376\377\004\037\004\100\004\076\004\107\004\070\004\065\000\040\004\064\004\065\004\102\004\060\004\073\004\070\000\040\004\100\004\065\004\060\004\073\004\070\004\067\004\060\004\106\004\070\004\070}{subsection.2.5}% 28
\BOOKMARK [3][-]{subsubsection.2.5.5}{\376\377\004\040\004\065\004\067\004\103\004\073\004\114\004\102\004\060\004\102\004\113\000\040\004\074\004\065\004\102\004\076\004\064\004\076\004\062\000\040\004\064\004\073\004\117\000\040\004\067\004\060\004\064\004\060\004\107\004\070\000\040\004\032\004\076\004\110\004\070}{subsection.2.5}% 29
\BOOKMARK [1][-]{section.3}{\376\377\004\022\004\113\004\062\004\076\004\064}{}% 30
